<?xml version="1.0" encoding="UTF-8"?>
<!-- Generated by org.testng.reporters.JUnitXMLReporter -->
<testsuite ignored="0" hostname="IN3320922W1" failures="1" tests="3" name="Test" time="0.054" errors="0" timestamp="2022-11-25T11:14:50 IST">
  <testcase classname="com.exploration.base.BaseTest" name="@BeforeMethod setUp" time="0.006">
    <failure type="java.lang.NullPointerException" message="Cannot invoke &amp;quot;org.apache.logging.log4j.Logger.info(String)&amp;quot; because &amp;quot;this.log&amp;quot; is null">
      <![CDATA[java.lang.NullPointerException: Cannot invoke "org.apache.logging.log4j.Logger.info(String)" because "this.log" is null
at com.exploration.base.BrowserDriverFactory.createDriver(BrowserDriverFactory.java:29)
at com.exploration.base.BaseTest.setUp(BaseTest.java:26)
at java.base/java.util.ArrayList.forEach(ArrayList.java:1511)
... Removed 31 stack frames]]>
    </failure>
  </testcase> <!-- @BeforeMethod setUp -->
  <testcase classname="com.exploration.base.BaseTest" name="@AfterMethod tearDown" time="0.0">
    <failure type="java.lang.NullPointerException" message="Cannot invoke &amp;quot;org.apache.logging.log4j.Logger.info(String)&amp;quot; because &amp;quot;this.log&amp;quot; is null">
      <![CDATA[java.lang.NullPointerException: Cannot invoke "org.apache.logging.log4j.Logger.info(String)" because "this.log" is null
at com.exploration.base.BaseTest.tearDown(BaseTest.java:33)
at java.base/java.util.ArrayList.forEach(ArrayList.java:1511)
... Removed 32 stack frames]]>
    </failure>
  </testcase> <!-- @AfterMethod tearDown -->
  <testcase classname="com.exploration.base.BaseTest" name="@BeforeMethod setUp" time="0.001">
    <failure type="java.lang.NullPointerException" message="Cannot invoke &amp;quot;org.apache.logging.log4j.Logger.info(String)&amp;quot; because &amp;quot;this.log&amp;quot; is null">
      <![CDATA[java.lang.NullPointerException: Cannot invoke "org.apache.logging.log4j.Logger.info(String)" because "this.log" is null
at com.exploration.base.BrowserDriverFactory.createDriver(BrowserDriverFactory.java:29)
at com.exploration.base.BaseTest.setUp(BaseTest.java:26)
at java.base/java.util.ArrayList.forEach(ArrayList.java:1511)
... Removed 31 stack frames]]>
    </failure>
  </testcase> <!-- @BeforeMethod setUp -->
  <testcase classname="com.exploration.base.BaseTest" name="@AfterMethod tearDown" time="0.0">
    <failure type="java.lang.NullPointerException" message="Cannot invoke &amp;quot;org.apache.logging.log4j.Logger.info(String)&amp;quot; because &amp;quot;this.log&amp;quot; is null">
      <![CDATA[java.lang.NullPointerException: Cannot invoke "org.apache.logging.log4j.Logger.info(String)" because "this.log" is null
at com.exploration.base.BaseTest.tearDown(BaseTest.java:33)
at java.base/java.util.ArrayList.forEach(ArrayList.java:1511)
... Removed 32 stack frames]]>
    </failure>
  </testcase> <!-- @AfterMethod tearDown -->
  <testcase classname="com.exploration.Exploration2" name="DragAndDrop" time="0.0">
    <skipped/>
  </testcase> <!-- DragAndDrop -->
  <testcase classname="com.exploration.Exploration1" name="selectTesting" time="0.0">
    <skipped/>
  </testcase> <!-- selectTesting -->
  <testcase classname="com.exploration.Exploration3" name="ecommTesting" time="0.0">
    <failure type="org.testng.TestNGException" message="
Parameter &amp;apos;username&amp;apos; is required by @Test on method ecommTesting but has not been marked @Optional or defined
in C:\Users\KY755DV\Downloads\selium\Exploration\testng.xml">
      <![CDATA[org.testng.TestNGException: 
Parameter 'username' is required by @Test on method ecommTesting but has not been marked @Optional or defined
in C:\Users\KY755DV\Downloads\selium\Exploration\testng.xml
at java.base/java.util.ArrayList.forEach(ArrayList.java:1511)
... Removed 26 stack frames]]>
    </failure>
  </testcase> <!-- ecommTesting -->
</testsuite> <!-- Test -->
